WARNING: A terminally deprecated method in sun.misc.Unsafe has been called
WARNING: sun.misc.Unsafe::staticFieldBase has been called by com.google.inject.internal.aop.HiddenClassDefiner (file:/opt/homebrew/Cellar/maven/3.9.11/libexec/lib/guice-5.1.0-classes.jar)
WARNING: Please consider reporting this to the maintainers of class com.google.inject.internal.aop.HiddenClassDefiner
WARNING: sun.misc.Unsafe::staticFieldBase will be removed in a future release
[INFO] Scanning for projects...
[INFO] 
[INFO] --------------< com.voroshapay:vorosha-pay-java-backend >---------------
[INFO] Building vorosha-pay-java-backend 0.0.1-SNAPSHOT
[INFO]   from pom.xml
[INFO] --------------------------------[ jar ]---------------------------------
[INFO] 
[INFO] >>> spring-boot:3.3.2:run (default-cli) > test-compile @ vorosha-pay-java-backend >>>
[INFO] 
[INFO] --- resources:3.3.1:resources (default-resources) @ vorosha-pay-java-backend ---
[INFO] Copying 1 resource from src/main/resources to target/classes
[INFO] Copying 0 resource from src/main/resources to target/classes
[INFO] 
[INFO] --- compiler:3.13.0:compile (default-compile) @ vorosha-pay-java-backend ---
[INFO] Nothing to compile - all classes are up to date.
[INFO] 
[INFO] --- resources:3.3.1:testResources (default-testResources) @ vorosha-pay-java-backend ---
[INFO] skip non existing resourceDirectory /Users/raihanchowdhury/Desktop/voroshaPay/vorosha-pay-java-backend/src/test/resources
[INFO] 
[INFO] --- compiler:3.13.0:testCompile (default-testCompile) @ vorosha-pay-java-backend ---
[INFO] No sources to compile
[INFO] 
[INFO] <<< spring-boot:3.3.2:run (default-cli) < test-compile @ vorosha-pay-java-backend <<<
[INFO] 
[INFO] 
[INFO] --- spring-boot:3.3.2:run (default-cli) @ vorosha-pay-java-backend ---
[INFO] Attaching agents: []

  .   ____          _            __ _ _
 /\\ / ___'_ __ _ _(_)_ __  __ _ \ \ \ \
( ( )\___ | '_ | '_| | '_ \/ _` | \ \ \ \
 \\/  ___)| |_)| | | | | || (_| |  ) ) ) )
  '  |____| .__|_| |_|_| |_\__, | / / / /
 =========|_|==============|___/=/_/_/_/

 :: Spring Boot ::                (v3.3.2)

2025-09-18T19:20:52.731+06:00  INFO 85137 --- [           main] com.voroshapay.VoroshaPayApplication     : Starting VoroshaPayApplication using Java 24.0.2 with PID 85137 (/Users/raihanchowdhury/Desktop/voroshaPay/vorosha-pay-java-backend/target/classes started by raihanchowdhury in /Users/raihanchowdhury/Desktop/voroshaPay/vorosha-pay-java-backend)
2025-09-18T19:20:52.733+06:00 DEBUG 85137 --- [           main] com.voroshapay.VoroshaPayApplication     : Running with Spring Boot v3.3.2, Spring v6.1.11
2025-09-18T19:20:52.733+06:00  INFO 85137 --- [           main] com.voroshapay.VoroshaPayApplication     : No active profile set, falling back to 1 default profile: "default"
WARNING: A restricted method in java.lang.System has been called
WARNING: java.lang.System::load has been called by org.apache.tomcat.jni.Library in an unnamed module (file:/Users/raihanchowdhury/.m2/repository/org/apache/tomcat/embed/tomcat-embed-core/10.1.26/tomcat-embed-core-10.1.26.jar)
WARNING: Use --enable-native-access=ALL-UNNAMED to avoid a warning for callers in this module
WARNING: Restricted methods will be blocked in a future release unless native access is enabled

2025-09-18T19:20:53.431+06:00  INFO 85137 --- [           main] o.s.b.w.embedded.tomcat.TomcatWebServer  : Tomcat initialized with port 8000 (http)
2025-09-18T19:20:53.441+06:00  INFO 85137 --- [           main] o.apache.catalina.core.StandardService   : Starting service [Tomcat]
2025-09-18T19:20:53.441+06:00  INFO 85137 --- [           main] o.apache.catalina.core.StandardEngine    : Starting Servlet engine: [Apache Tomcat/10.1.26]
2025-09-18T19:20:53.481+06:00  INFO 85137 --- [           main] o.a.c.c.C.[Tomcat].[localhost].[/]       : Initializing Spring embedded WebApplicationContext
2025-09-18T19:20:53.482+06:00  INFO 85137 --- [           main] w.s.c.ServletWebServerApplicationContext : Root WebApplicationContext: initialization completed in 720 ms
2025-09-18T19:20:53.945+06:00  WARN 85137 --- [           main] .s.s.UserDetailsServiceAutoConfiguration : 

Using generated security password: 7213ffcf-85fb-4d31-a8b3-1fdb844aaa41

This generated password is for development use only. Your security configuration must be updated before running your application in production.

2025-09-18T19:20:53.949+06:00  INFO 85137 --- [           main] r$InitializeUserDetailsManagerConfigurer : Global AuthenticationManager configured with UserDetailsService bean with name inMemoryUserDetailsManager
2025-09-18T19:20:54.105+06:00 DEBUG 85137 --- [           main] o.s.s.web.DefaultSecurityFilterChain     : Will secure any request with filters: DisableEncodeUrlFilter, WebAsyncManagerIntegrationFilter, SecurityContextHolderFilter, HeaderWriterFilter, CorsFilter, LogoutFilter, RequestCacheAwareFilter, SecurityContextHolderAwareRequestFilter, AnonymousAuthenticationFilter, ExceptionTranslationFilter, AuthorizationFilter
2025-09-18T19:20:54.225+06:00  INFO 85137 --- [           main] o.s.b.w.embedded.tomcat.TomcatWebServer  : Tomcat started on port 8000 (http) with context path '/'
2025-09-18T19:20:54.232+06:00  INFO 85137 --- [           main] com.voroshapay.VoroshaPayApplication     : Started VoroshaPayApplication in 1.734 seconds (process running for 1.946)
2025-09-18T19:21:12.423+06:00  INFO 85137 --- [nio-8000-exec-2] o.a.c.c.C.[Tomcat].[localhost].[/]       : Initializing Spring DispatcherServlet 'dispatcherServlet'
2025-09-18T19:21:12.427+06:00  INFO 85137 --- [nio-8000-exec-2] o.s.web.servlet.DispatcherServlet        : Initializing Servlet 'dispatcherServlet'
2025-09-18T19:21:12.438+06:00  INFO 85137 --- [nio-8000-exec-2] o.s.web.servlet.DispatcherServlet        : Completed initialization in 11 ms
2025-09-18T19:21:12.467+06:00 DEBUG 85137 --- [nio-8000-exec-1] o.s.security.web.FilterChainProxy        : Securing OPTIONS /api/transactions?limit=5
2025-09-18T19:21:12.467+06:00 DEBUG 85137 --- [nio-8000-exec-2] o.s.security.web.FilterChainProxy        : Securing OPTIONS /api/transactions/stats
2025-09-18T19:21:12.494+06:00 DEBUG 85137 --- [nio-8000-exec-4] o.s.security.web.FilterChainProxy        : Securing GET /api/transactions/stats
2025-09-18T19:21:12.494+06:00 DEBUG 85137 --- [nio-8000-exec-3] o.s.security.web.FilterChainProxy        : Securing GET /api/transactions?limit=5
2025-09-18T19:21:12.501+06:00 DEBUG 85137 --- [nio-8000-exec-4] o.s.security.web.FilterChainProxy        : Secured GET /api/transactions/stats
2025-09-18T19:21:12.501+06:00 DEBUG 85137 --- [nio-8000-exec-3] o.s.security.web.FilterChainProxy        : Secured GET /api/transactions?limit=5
2025-09-18T19:21:12.788+06:00 DEBUG 85137 --- [nio-8000-exec-4] o.s.s.w.a.AnonymousAuthenticationFilter  : Set SecurityContextHolder to anonymous SecurityContext
2025-09-18T19:21:12.893+06:00 DEBUG 85137 --- [nio-8000-exec-3] o.s.s.w.a.AnonymousAuthenticationFilter  : Set SecurityContextHolder to anonymous SecurityContext
2025-09-18T19:21:12.927+06:00 DEBUG 85137 --- [nio-8000-exec-6] o.s.security.web.FilterChainProxy        : Securing OPTIONS /api/notifications
2025-09-18T19:21:12.927+06:00 DEBUG 85137 --- [nio-8000-exec-5] o.s.security.web.FilterChainProxy        : Securing OPTIONS /api/notifications
2025-09-18T19:21:12.931+06:00 DEBUG 85137 --- [nio-8000-exec-7] o.s.security.web.FilterChainProxy        : Securing GET /api/notifications
2025-09-18T19:21:12.932+06:00 DEBUG 85137 --- [nio-8000-exec-7] o.s.security.web.FilterChainProxy        : Secured GET /api/notifications
2025-09-18T19:21:13.034+06:00 DEBUG 85137 --- [nio-8000-exec-7] o.s.s.w.a.AnonymousAuthenticationFilter  : Set SecurityContextHolder to anonymous SecurityContext
2025-09-18T19:21:13.036+06:00 DEBUG 85137 --- [nio-8000-exec-8] o.s.security.web.FilterChainProxy        : Securing GET /api/notifications
2025-09-18T19:21:13.037+06:00 DEBUG 85137 --- [nio-8000-exec-8] o.s.security.web.FilterChainProxy        : Secured GET /api/notifications
2025-09-18T19:21:13.092+06:00 DEBUG 85137 --- [nio-8000-exec-8] o.s.s.w.a.AnonymousAuthenticationFilter  : Set SecurityContextHolder to anonymous SecurityContext
2025-09-18T19:21:22.686+06:00 DEBUG 85137 --- [nio-8000-exec-9] o.s.security.web.FilterChainProxy        : Securing POST /api/auth/demo-login
2025-09-18T19:21:22.688+06:00 DEBUG 85137 --- [nio-8000-exec-9] o.s.security.web.FilterChainProxy        : Secured POST /api/auth/demo-login
2025-09-18T19:21:22.735+06:00 DEBUG 85137 --- [nio-8000-exec-9] o.s.s.w.a.AnonymousAuthenticationFilter  : Set SecurityContextHolder to anonymous SecurityContext
2025-09-18T19:21:34.108+06:00 DEBUG 85137 --- [io-8000-exec-10] o.s.security.web.FilterChainProxy        : Securing GET /api/chat/transactions/1/messages
2025-09-18T19:21:34.110+06:00 DEBUG 85137 --- [io-8000-exec-10] o.s.security.web.FilterChainProxy        : Secured GET /api/chat/transactions/1/messages
2025-09-18T19:21:34.247+06:00 DEBUG 85137 --- [io-8000-exec-10] o.s.s.w.a.AnonymousAuthenticationFilter  : Set SecurityContextHolder to anonymous SecurityContext
2025-09-18T19:21:45.194+06:00 DEBUG 85137 --- [nio-8000-exec-6] o.s.security.web.FilterChainProxy        : Securing OPTIONS /api/chat/transactions/2/messages
2025-09-18T19:21:45.194+06:00 DEBUG 85137 --- [nio-8000-exec-3] o.s.security.web.FilterChainProxy        : Securing OPTIONS /api/chat/transactions/2/messages/read
2025-09-18T19:21:45.194+06:00 DEBUG 85137 --- [nio-8000-exec-1] o.s.security.web.FilterChainProxy        : Securing OPTIONS /api/chat/transactions/2/messages
2025-09-18T19:21:45.194+06:00 DEBUG 85137 --- [nio-8000-exec-4] o.s.security.web.FilterChainProxy        : Securing OPTIONS /api/chat/transactions/2/messages/read
2025-09-18T19:21:45.201+06:00 DEBUG 85137 --- [nio-8000-exec-8] o.s.security.web.FilterChainProxy        : Securing PUT /api/chat/transactions/2/messages/read
2025-09-18T19:21:45.201+06:00 DEBUG 85137 --- [nio-8000-exec-7] o.s.security.web.FilterChainProxy        : Securing GET /api/chat/transactions/2/messages
2025-09-18T19:21:45.201+06:00 DEBUG 85137 --- [nio-8000-exec-5] o.s.security.web.FilterChainProxy        : Securing PUT /api/chat/transactions/2/messages/read
2025-09-18T19:21:45.202+06:00 DEBUG 85137 --- [nio-8000-exec-8] o.s.security.web.FilterChainProxy        : Secured PUT /api/chat/transactions/2/messages/read
2025-09-18T19:21:45.202+06:00 DEBUG 85137 --- [nio-8000-exec-5] o.s.security.web.FilterChainProxy        : Secured PUT /api/chat/transactions/2/messages/read
2025-09-18T19:21:45.202+06:00 DEBUG 85137 --- [nio-8000-exec-7] o.s.security.web.FilterChainProxy        : Secured GET /api/chat/transactions/2/messages
2025-09-18T19:21:45.282+06:00 DEBUG 85137 --- [nio-8000-exec-5] o.s.s.w.a.AnonymousAuthenticationFilter  : Set SecurityContextHolder to anonymous SecurityContext
2025-09-18T19:21:45.282+06:00 DEBUG 85137 --- [nio-8000-exec-8] o.s.s.w.a.AnonymousAuthenticationFilter  : Set SecurityContextHolder to anonymous SecurityContext
2025-09-18T19:21:45.319+06:00 DEBUG 85137 --- [nio-8000-exec-7] o.s.s.w.a.AnonymousAuthenticationFilter  : Set SecurityContextHolder to anonymous SecurityContext
2025-09-18T19:21:45.321+06:00 DEBUG 85137 --- [nio-8000-exec-9] o.s.security.web.FilterChainProxy        : Securing GET /api/chat/transactions/2/messages
2025-09-18T19:21:45.321+06:00 DEBUG 85137 --- [nio-8000-exec-9] o.s.security.web.FilterChainProxy        : Secured GET /api/chat/transactions/2/messages
2025-09-18T19:21:45.389+06:00 DEBUG 85137 --- [nio-8000-exec-9] o.s.s.w.a.AnonymousAuthenticationFilter  : Set SecurityContextHolder to anonymous SecurityContext
2025-09-18T19:21:53.709+06:00 DEBUG 85137 --- [nio-8000-exec-3] o.s.security.web.FilterChainProxy        : Securing OPTIONS /api/chat/transactions/2/messages
2025-09-18T19:21:53.718+06:00 DEBUG 85137 --- [nio-8000-exec-1] o.s.security.web.FilterChainProxy        : Securing POST /api/chat/transactions/2/messages
2025-09-18T19:21:53.720+06:00 DEBUG 85137 --- [nio-8000-exec-1] o.s.security.web.FilterChainProxy        : Secured POST /api/chat/transactions/2/messages
2025-09-18T19:21:53.881+06:00 DEBUG 85137 --- [nio-8000-exec-1] o.s.s.w.a.AnonymousAuthenticationFilter  : Set SecurityContextHolder to anonymous SecurityContext
2025-09-18T19:22:09.683+06:00 DEBUG 85137 --- [nio-8000-exec-5] o.s.security.web.FilterChainProxy        : Securing OPTIONS /api/auth/login
2025-09-18T19:22:09.690+06:00 DEBUG 85137 --- [nio-8000-exec-7] o.s.security.web.FilterChainProxy        : Securing POST /api/auth/login
2025-09-18T19:22:09.691+06:00 DEBUG 85137 --- [nio-8000-exec-7] o.s.security.web.FilterChainProxy        : Secured POST /api/auth/login
2025-09-18T19:22:09.914+06:00 DEBUG 85137 --- [nio-8000-exec-7] o.s.s.w.a.AnonymousAuthenticationFilter  : Set SecurityContextHolder to anonymous SecurityContext
2025-09-18T19:22:10.147+06:00 DEBUG 85137 --- [nio-8000-exec-9] o.s.security.web.FilterChainProxy        : Securing OPTIONS /api/transactions/stats
2025-09-18T19:22:10.154+06:00 DEBUG 85137 --- [io-8000-exec-10] o.s.security.web.FilterChainProxy        : Securing OPTIONS /api/transactions?limit=5
2025-09-18T19:22:10.154+06:00 DEBUG 85137 --- [nio-8000-exec-2] o.s.security.web.FilterChainProxy        : Securing OPTIONS /api/transactions?limit=5
2025-09-18T19:22:10.154+06:00 DEBUG 85137 --- [nio-8000-exec-6] o.s.security.web.FilterChainProxy        : Securing GET /api/transactions/stats
2025-09-18T19:22:10.163+06:00 DEBUG 85137 --- [nio-8000-exec-6] o.s.security.web.FilterChainProxy        : Secured GET /api/transactions/stats
2025-09-18T19:22:10.165+06:00 DEBUG 85137 --- [nio-8000-exec-4] o.s.security.web.FilterChainProxy        : Securing GET /api/transactions?limit=5
2025-09-18T19:22:10.166+06:00 DEBUG 85137 --- [nio-8000-exec-4] o.s.security.web.FilterChainProxy        : Secured GET /api/transactions?limit=5
2025-09-18T19:22:10.280+06:00 DEBUG 85137 --- [nio-8000-exec-6] o.s.s.w.a.AnonymousAuthenticationFilter  : Set SecurityContextHolder to anonymous SecurityContext
2025-09-18T19:22:10.282+06:00 DEBUG 85137 --- [nio-8000-exec-6] o.s.security.web.FilterChainProxy        : Securing GET /api/transactions/stats
2025-09-18T19:22:10.283+06:00 DEBUG 85137 --- [nio-8000-exec-6] o.s.security.web.FilterChainProxy        : Secured GET /api/transactions/stats
2025-09-18T19:22:10.338+06:00 DEBUG 85137 --- [nio-8000-exec-6] o.s.s.w.a.AnonymousAuthenticationFilter  : Set SecurityContextHolder to anonymous SecurityContext
2025-09-18T19:22:10.408+06:00 DEBUG 85137 --- [nio-8000-exec-4] o.s.s.w.a.AnonymousAuthenticationFilter  : Set SecurityContextHolder to anonymous SecurityContext
2025-09-18T19:22:10.410+06:00 DEBUG 85137 --- [nio-8000-exec-8] o.s.security.web.FilterChainProxy        : Securing GET /api/transactions?limit=5
2025-09-18T19:22:10.411+06:00 DEBUG 85137 --- [nio-8000-exec-8] o.s.security.web.FilterChainProxy        : Secured GET /api/transactions?limit=5
2025-09-18T19:22:10.462+06:00 DEBUG 85137 --- [nio-8000-exec-7] o.s.security.web.FilterChainProxy        : Securing OPTIONS /api/notifications
2025-09-18T19:22:10.462+06:00 DEBUG 85137 --- [nio-8000-exec-5] o.s.security.web.FilterChainProxy        : Securing OPTIONS /api/notifications
2025-09-18T19:22:10.467+06:00 DEBUG 85137 --- [nio-8000-exec-9] o.s.security.web.FilterChainProxy        : Securing GET /api/notifications
2025-09-18T19:22:10.468+06:00 DEBUG 85137 --- [nio-8000-exec-9] o.s.security.web.FilterChainProxy        : Secured GET /api/notifications
2025-09-18T19:22:10.513+06:00 DEBUG 85137 --- [nio-8000-exec-9] o.s.s.w.a.AnonymousAuthenticationFilter  : Set SecurityContextHolder to anonymous SecurityContext
2025-09-18T19:22:10.515+06:00 DEBUG 85137 --- [nio-8000-exec-2] o.s.security.web.FilterChainProxy        : Securing GET /api/notifications
2025-09-18T19:22:10.516+06:00 DEBUG 85137 --- [nio-8000-exec-2] o.s.security.web.FilterChainProxy        : Secured GET /api/notifications
2025-09-18T19:22:10.560+06:00 DEBUG 85137 --- [nio-8000-exec-2] o.s.s.w.a.AnonymousAuthenticationFilter  : Set SecurityContextHolder to anonymous SecurityContext
2025-09-18T19:22:10.576+06:00 DEBUG 85137 --- [nio-8000-exec-8] o.s.s.w.a.AnonymousAuthenticationFilter  : Set SecurityContextHolder to anonymous SecurityContext
2025-09-18T19:22:13.900+06:00 DEBUG 85137 --- [nio-8000-exec-6] o.s.security.web.FilterChainProxy        : Securing OPTIONS /api/chat/transactions/2/messages/read
2025-09-18T19:22:13.900+06:00 DEBUG 85137 --- [nio-8000-exec-3] o.s.security.web.FilterChainProxy        : Securing OPTIONS /api/chat/transactions/2/messages/read
2025-09-18T19:22:13.900+06:00 DEBUG 85137 --- [nio-8000-exec-1] o.s.security.web.FilterChainProxy        : Securing OPTIONS /api/chat/transactions/2/messages
2025-09-18T19:22:13.900+06:00 DEBUG 85137 --- [io-8000-exec-10] o.s.security.web.FilterChainProxy        : Securing OPTIONS /api/chat/transactions/2/messages
2025-09-18T19:22:13.915+06:00 DEBUG 85137 --- [nio-8000-exec-7] o.s.security.web.FilterChainProxy        : Securing PUT /api/chat/transactions/2/messages/read
2025-09-18T19:22:13.915+06:00 DEBUG 85137 --- [nio-8000-exec-5] o.s.security.web.FilterChainProxy        : Securing PUT /api/chat/transactions/2/messages/read
2025-09-18T19:22:13.915+06:00 DEBUG 85137 --- [nio-8000-exec-4] o.s.security.web.FilterChainProxy        : Securing GET /api/chat/transactions/2/messages
2025-09-18T19:22:13.917+06:00 DEBUG 85137 --- [nio-8000-exec-7] o.s.security.web.FilterChainProxy        : Secured PUT /api/chat/transactions/2/messages/read
2025-09-18T19:22:13.917+06:00 DEBUG 85137 --- [nio-8000-exec-5] o.s.security.web.FilterChainProxy        : Secured PUT /api/chat/transactions/2/messages/read
2025-09-18T19:22:13.917+06:00 DEBUG 85137 --- [nio-8000-exec-4] o.s.security.web.FilterChainProxy        : Secured GET /api/chat/transactions/2/messages
2025-09-18T19:22:13.970+06:00 DEBUG 85137 --- [nio-8000-exec-7] o.s.s.w.a.AnonymousAuthenticationFilter  : Set SecurityContextHolder to anonymous SecurityContext
2025-09-18T19:22:13.970+06:00 DEBUG 85137 --- [nio-8000-exec-5] o.s.s.w.a.AnonymousAuthenticationFilter  : Set SecurityContextHolder to anonymous SecurityContext
2025-09-18T19:22:14.000+06:00 DEBUG 85137 --- [nio-8000-exec-4] o.s.s.w.a.AnonymousAuthenticationFilter  : Set SecurityContextHolder to anonymous SecurityContext
2025-09-18T19:22:14.002+06:00 DEBUG 85137 --- [nio-8000-exec-9] o.s.security.web.FilterChainProxy        : Securing GET /api/chat/transactions/2/messages
2025-09-18T19:22:14.002+06:00 DEBUG 85137 --- [nio-8000-exec-9] o.s.security.web.FilterChainProxy        : Secured GET /api/chat/transactions/2/messages
2025-09-18T19:22:14.057+06:00 DEBUG 85137 --- [nio-8000-exec-9] o.s.s.w.a.AnonymousAuthenticationFilter  : Set SecurityContextHolder to anonymous SecurityContext
[INFO] ------------------------------------------------------------------------
[INFO] BUILD FAILURE
[INFO] ------------------------------------------------------------------------
[INFO] Total time:  01:42 min
[INFO] Finished at: 2025-09-18T19:22:34+06:00
[INFO] ------------------------------------------------------------------------
[ERROR] Failed to execute goal org.springframework.boot:spring-boot-maven-plugin:3.3.2:run (default-cli) on project vorosha-pay-java-backend: Process terminated with exit code: 137 -> [Help 1]
[ERROR] 
[ERROR] To see the full stack trace of the errors, re-run Maven with the -e switch.
[ERROR] Re-run Maven using the -X switch to enable full debug logging.
[ERROR] 
[ERROR] For more information about the errors and possible solutions, please read the following articles:
[ERROR] [Help 1] http://cwiki.apache.org/confluence/display/MAVEN/MojoExecutionException
